2018-12-26 08:08:51 [-][-][-][info][yii\db\Command::query] SHOW FULL COLUMNS FROM `migration`
2018-12-26 08:08:51 [-][-][-][info][yii\db\Connection::open] Opening DB connection: mysql:host=localhost;dbname=tcrm
2018-12-26 08:08:51 [-][-][-][info][yii\db\Command::query] SELECT
    kcu.constraint_name,
    kcu.column_name,
    kcu.referenced_table_name,
    kcu.referenced_column_name
FROM information_schema.referential_constraints AS rc
JOIN information_schema.key_column_usage AS kcu ON
    (
        kcu.constraint_catalog = rc.constraint_catalog OR
        (kcu.constraint_catalog IS NULL AND rc.constraint_catalog IS NULL)
    ) AND
    kcu.constraint_schema = rc.constraint_schema AND
    kcu.constraint_name = rc.constraint_name
WHERE rc.constraint_schema = database() AND kcu.table_schema = database()
AND rc.table_name = 'migration' AND kcu.table_name = 'migration'
2018-12-26 08:08:51 [-][-][-][info][yii\db\Command::query] SELECT `version`, `apply_time` FROM `migration` ORDER BY `apply_time` DESC, `version` DESC
2018-12-26 08:08:51 [-][-][-][info][yii\db\Command::query] SHOW FULL COLUMNS FROM `migration`
2018-12-26 08:08:51 [-][-][-][info][yii\db\Command::query] SELECT
    kcu.constraint_name,
    kcu.column_name,
    kcu.referenced_table_name,
    kcu.referenced_column_name
FROM information_schema.referential_constraints AS rc
JOIN information_schema.key_column_usage AS kcu ON
    (
        kcu.constraint_catalog = rc.constraint_catalog OR
        (kcu.constraint_catalog IS NULL AND rc.constraint_catalog IS NULL)
    ) AND
    kcu.constraint_schema = rc.constraint_schema AND
    kcu.constraint_name = rc.constraint_name
WHERE rc.constraint_schema = database() AND kcu.table_schema = database()
AND rc.table_name = 'migration' AND kcu.table_name = 'migration'
2018-12-26 08:08:52 [-][-][-][info][yii\db\Command::execute] UPDATE autotruck SET invoice = name WHERE id > 0
2018-12-26 08:08:52 [-][-][-][info][yii\db\Command::query] SHOW FULL COLUMNS FROM `migration`
2018-12-26 08:08:52 [-][-][-][info][yii\db\Command::query] SELECT
    kcu.constraint_name,
    kcu.column_name,
    kcu.referenced_table_name,
    kcu.referenced_column_name
FROM information_schema.referential_constraints AS rc
JOIN information_schema.key_column_usage AS kcu ON
    (
        kcu.constraint_catalog = rc.constraint_catalog OR
        (kcu.constraint_catalog IS NULL AND rc.constraint_catalog IS NULL)
    ) AND
    kcu.constraint_schema = rc.constraint_schema AND
    kcu.constraint_name = rc.constraint_name
WHERE rc.constraint_schema = database() AND kcu.table_schema = database()
AND rc.table_name = 'migration' AND kcu.table_name = 'migration'
2018-12-26 08:08:52 [-][-][-][info][yii\db\Command::execute] INSERT INTO `migration` (`version`, `apply_time`) VALUES ('m181222_092705_set_invoice_autotruck', 1545811732)
2018-12-26 08:08:52 [-][-][-][info][yii\db\Command::execute] ALTER TABLE `autotruck` ADD `state` varchar(255) NULL DEFAULT 1
2018-12-26 08:08:53 [-][-][-][info][yii\db\Command::execute] ALTER TABLE `autotruck_history` ADD `state` varchar(255) NULL DEFAULT 1
2018-12-26 08:08:53 [-][-][-][info][yii\db\Command::query] SHOW FULL COLUMNS FROM `migration`
2018-12-26 08:08:53 [-][-][-][info][yii\db\Command::query] SELECT
    kcu.constraint_name,
    kcu.column_name,
    kcu.referenced_table_name,
    kcu.referenced_column_name
FROM information_schema.referential_constraints AS rc
JOIN information_schema.key_column_usage AS kcu ON
    (
        kcu.constraint_catalog = rc.constraint_catalog OR
        (kcu.constraint_catalog IS NULL AND rc.constraint_catalog IS NULL)
    ) AND
    kcu.constraint_schema = rc.constraint_schema AND
    kcu.constraint_name = rc.constraint_name
WHERE rc.constraint_schema = database() AND kcu.table_schema = database()
AND rc.table_name = 'migration' AND kcu.table_name = 'migration'
2018-12-26 08:08:53 [-][-][-][info][yii\db\Command::execute] INSERT INTO `migration` (`version`, `apply_time`) VALUES ('m181222_094246_add_column_state_autotruck', 1545811733)
